<?xml version="1.0" encoding="UTF-8"?>
<testsuite name="hello.FileUploadTests" time="0.531" tests="3" errors="1" skipped="0" failures="0">
  <properties>
[...]
</properties>
  <testcase name="shouldSaveUploadedFile" classname="hello.FileUploadTests" time="0.031"/>
  <testcase name="should404WhenMissingFile" classname="hello.FileUploadTests" time="0.078">
    <error message="Handler dispatch failed; nested exception is java.lang.NoClassDefFoundError: javax/activation/FileTypeMap" type="org.springframework.web.util.NestedServletException">org.springframework.web.util.NestedServletException: Handler dispatch failed; nested exception is java.lang.NoClassDefFoundError: javax/activation/FileTypeMap
	at java.base/jdk.internal.loader.BuiltinClassLoader.loadClass(BuiltinClassLoader.java:582)
	at java.base/jdk.internal.loader.ClassLoaders$AppClassLoader.loadClass(ClassLoaders.java:185)
	at java.base/java.lang.ClassLoader.loadClass(ClassLoader.java:496)
	at org.springframework.mock.web.MockServletContext.getMimeType(MockServletContext.java:293)
	at org.springframework.web.accept.ServletPathExtensionContentNegotiationStrategy.handleNoMatch(ServletPathExtensionContentNegotiationStrategy.java:72)
	at org.springframework.web.accept.AbstractMappingContentNegotiationStrategy.resolveMediaTypeKey(AbstractMappingContentNegotiationStrategy.java:78)
	at org.springframework.web.accept.AbstractMappingContentNegotiationStrategy.resolveMediaTypes(AbstractMappingContentNegotiationStrategy.java:61)
	at org.springframework.boot.autoconfigure.web.WebMvcAutoConfiguration$OptionalPathExtensionContentNegotiationStrategy.resolveMediaTypes(WebMvcAutoConfiguration.java:600)
	at org.springframework.web.accept.ContentNegotiationManager.resolveMediaTypes(ContentNegotiationManager.java:125)
	at org.springframework.web.servlet.mvc.condition.ProducesRequestCondition.getAcceptedMediaTypes(ProducesRequestCondition.java:261)
	at org.springframework.web.servlet.mvc.condition.ProducesRequestCondition.getMatchingCondition(ProducesRequestCondition.java:194)
	at org.springframework.web.servlet.mvc.method.RequestMappingInfo.getMatchingCondition(RequestMappingInfo.java:214)
	at org.springframework.web.servlet.mvc.method.RequestMappingInfoHandlerMapping.getMatchingMapping(RequestMappingInfoHandlerMapping.java:94)
	at org.springframework.web.servlet.mvc.method.RequestMappingInfoHandlerMapping.getMatchingMapping(RequestMappingInfoHandlerMapping.java:58)
	at org.springframework.web.servlet.handler.AbstractHandlerMethodMapping.addMatchingMappings(AbstractHandlerMethodMapping.java:380)
	at org.springframework.web.servlet.handler.AbstractHandlerMethodMapping.lookupHandlerMethod(AbstractHandlerMethodMapping.java:347)
	at org.springframework.web.servlet.handler.AbstractHandlerMethodMapping.getHandlerInternal(AbstractHandlerMethodMapping.java:314)
	at org.springframework.web.servlet.handler.AbstractHandlerMethodMapping.getHandlerInternal(AbstractHandlerMethodMapping.java:61)
	at org.springframework.web.servlet.handler.AbstractHandlerMapping.getHandler(AbstractHandlerMapping.java:352)
	at org.springframework.web.servlet.DispatcherServlet.getHandler(DispatcherServlet.java:1160)
	at org.springframework.test.web.servlet.TestDispatcherServlet.getHandler(TestDispatcherServlet.java:90)
	at org.springframework.web.servlet.DispatcherServlet.doDispatch(DispatcherServlet.java:940)
	at org.springframework.web.servlet.DispatcherServlet.doService(DispatcherServlet.java:901)
	at org.springframework.web.servlet.FrameworkServlet.processRequest(FrameworkServlet.java:970)
	at org.springframework.web.servlet.FrameworkServlet.doGet(FrameworkServlet.java:861)
	at javax.servlet.http.HttpServlet.service(HttpServlet.java:635)
	at org.springframework.web.servlet.FrameworkServlet.service(FrameworkServlet.java:846)
	at org.springframework.test.web.servlet.TestDispatcherServlet.service(TestDispatcherServlet.java:65)
	at javax.servlet.http.HttpServlet.service(HttpServlet.java:742)
	at org.springframework.mock.web.MockFilterChain$ServletFilterProxy.doFilter(MockFilterChain.java:160)
	at org.springframework.mock.web.MockFilterChain.doFilter(MockFilterChain.java:127)
	at org.springframework.web.filter.RequestContextFilter.doFilterInternal(RequestContextFilter.java:99)
	at org.springframework.web.filter.OncePerRequestFilter.doFilter(OncePerRequestFilter.java:107)
	at org.springframework.mock.web.MockFilterChain.doFilter(MockFilterChain.java:127)
	at org.springframework.web.filter.HttpPutFormContentFilter.doFilterInternal(HttpPutFormContentFilter.java:108)
	at org.springframework.web.filter.OncePerRequestFilter.doFilter(OncePerRequestFilter.java:107)
	at org.springframework.mock.web.MockFilterChain.doFilter(MockFilterChain.java:127)
	at org.springframework.web.filter.HiddenHttpMethodFilter.doFilterInternal(HiddenHttpMethodFilter.java:81)
	at org.springframework.web.filter.OncePerRequestFilter.doFilter(OncePerRequestFilter.java:107)
	at org.springframework.mock.web.MockFilterChain.doFilter(MockFilterChain.java:127)
	at org.springframework.web.filter.CharacterEncodingFilter.doFilterInternal(CharacterEncodingFilter.java:197)
	at org.springframework.web.filter.OncePerRequestFilter.doFilter(OncePerRequestFilter.java:107)
	at org.springframework.mock.web.MockFilterChain.doFilter(MockFilterChain.java:127)
	at org.springframework.test.web.servlet.MockMvc.perform(MockMvc.java:155)
	at hello.FileUploadTests.should404WhenMissingFile(FileUploadTests.java:68)
</error>
    <system-out><![CDATA[
MockHttpServletRequest:
      HTTP Method = POST
      Request URI = /
       Parameters = {}
          Headers = {Content-Type=[multipart/form-data;charset=UTF-8]}

Handler:
             Type = hello.FileUploadController
           Method = public java.lang.String hello.FileUploadController.handleFileUpload(org.springframework.web.multipart.MultipartFile,org.springframework.web.servlet.mvc.support.RedirectAttributes)

Async:
    Async started = false
     Async result = null

Resolved Exception:
             Type = null

ModelAndView:
        View name = redirect:/
             View = null
            Model = null

FlashMap:
        Attribute = message
            value = You successfully uploaded test.txt!

MockHttpServletResponse:
           Status = 302
    Error message = null
          Headers = {Location=[/]}
     Content type = null
             Body = 
    Forwarded URL = null
   Redirected URL = /
          Cookies = []
]]></system-out>
  </testcase>
  <testcase name="shouldListAllFiles" classname="hello.FileUploadTests" time="0.422"/>
</testsuite>